<?xml version="1.0" encoding="UTF-8"?>
<testng-results skipped="0" failed="0" total="1" passed="1">
  <reporter-output>
  </reporter-output>
  <suite name="Command line suite" duration-ms="14" started-at="2014-03-09T10:36:00Z" finished-at="2014-03-09T10:36:00Z">
    <groups>
    </groups>
    <test name="Command line test" duration-ms="14" started-at="2014-03-09T10:36:00Z" finished-at="2014-03-09T10:36:00Z">
      <class name="com.autotesting.framework.AppTest">
        <test-method status="PASS" signature="testApp()[pri:0, instance:testApp(com.autotesting.framework.AppTest)]" name="testApp" duration-ms="2" started-at="2014-03-09T13:36:00Z" finished-at="2014-03-09T13:36:00Z">
          <reporter-output>
          </reporter-output>
        </test-method> <!-- testApp -->
      </class> <!-- com.autotesting.framework.AppTest -->
    </test> <!-- Command line test -->
  </suite> <!-- Command line suite -->
</testng-results>
