<?xml version="1.0" encoding="UTF-8"?>
<testng-results skipped="0" failed="0" total="1" passed="1">
  <reporter-output>
  </reporter-output>
  <suite name="Command line suite" duration-ms="39963" started-at="2014-03-11T09:09:47Z" finished-at="2014-03-11T09:10:27Z">
    <groups>
    </groups>
    <test name="Command line test" duration-ms="39963" started-at="2014-03-11T09:09:47Z" finished-at="2014-03-11T09:10:27Z">
      <class name="com.autotesting.framework.TestClass">
        <test-method status="PASS" signature="createAndStartService()[pri:0, instance:com.autotesting.framework.TestClass@3fdd7880]" name="createAndStartService" is-config="true" duration-ms="28229" started-at="2014-03-11T12:09:47Z" finished-at="2014-03-11T12:10:15Z">
          <reporter-output>
          </reporter-output>
        </test-method> <!-- createAndStartService -->
        <test-method status="PASS" signature="simpleTest()[pri:0, instance:com.autotesting.framework.TestClass@3fdd7880]" name="simpleTest" duration-ms="10412" started-at="2014-03-11T12:10:15Z" finished-at="2014-03-11T12:10:26Z">
          <reporter-output>
          </reporter-output>
        </test-method> <!-- simpleTest -->
        <test-method status="PASS" signature="createAndStopService()[pri:0, instance:com.autotesting.framework.TestClass@3fdd7880]" name="createAndStopService" is-config="true" duration-ms="1309" started-at="2014-03-11T12:10:26Z" finished-at="2014-03-11T12:10:27Z">
          <reporter-output>
          </reporter-output>
        </test-method> <!-- createAndStopService -->
      </class> <!-- com.autotesting.framework.TestClass -->
    </test> <!-- Command line test -->
  </suite> <!-- Command line suite -->
</testng-results>
