<?xml version="1.0" encoding="UTF-8"?>
<testng-results skipped="0" failed="0" total="0" passed="0">
  <reporter-output>
  </reporter-output>
  <suite name="com.autotesting.autotesting.AppTest" duration-ms="3" started-at="2014-03-12T15:16:39Z" finished-at="2014-03-12T15:16:39Z">
    <groups>
    </groups>
    <test name="Command line test" duration-ms="3" started-at="2014-03-12T15:16:39Z" finished-at="2014-03-12T15:16:39Z">
    </test> <!-- Command line test -->
  </suite> <!-- com.autotesting.autotesting.AppTest -->
</testng-results>
