<?xml version="1.0" encoding="UTF-8"?>
<testng-results skipped="0" failed="2" total="6" passed="4">
  <reporter-output>
  </reporter-output>
  <suite name="Default suite" duration-ms="10184" started-at="2014-03-14T12:53:45Z" finished-at="2014-03-14T12:53:55Z">
    <groups>
    </groups>
    <test name="Default test" duration-ms="10184" started-at="2014-03-14T12:53:45Z" finished-at="2014-03-14T12:53:55Z">
      <class name="com.autotesting.framework.TestLogin">
        <test-method status="PASS" signature="dosmth()[pri:0, instance:com.autotesting.framework.TestLogin@107939f]" name="dosmth" is-config="true" duration-ms="32" started-at="2014-03-14T15:53:45Z" finished-at="2014-03-14T15:53:45Z">
          <reporter-output>
          </reporter-output>
        </test-method> <!-- dosmth -->
        <test-method status="PASS" signature="loginTest(com.rstyle.struct.UserData, boolean)[pri:0, instance:com.autotesting.framework.TestLogin@107939f]" name="loginTest" duration-ms="2654" started-at="2014-03-14T15:53:45Z" data-provider="loginTestData" finished-at="2014-03-14T15:53:48Z">
          <params>
            <param index="0">
              <value>
                <![CDATA[com.rstyle.struct.UserData@11e07f]]>
              </value>
            </param>
            <param index="1">
              <value>
                <![CDATA[false]]>
              </value>
            </param>
          </params>
          <reporter-output>
          </reporter-output>
        </test-method> <!-- loginTest -->
        <test-method status="PASS" signature="loginTest(com.rstyle.struct.UserData, boolean)[pri:0, instance:com.autotesting.framework.TestLogin@107939f]" name="loginTest" duration-ms="411" started-at="2014-03-14T15:53:48Z" data-provider="loginTestData" finished-at="2014-03-14T15:53:48Z">
          <params>
            <param index="0">
              <value>
                <![CDATA[com.rstyle.struct.UserData@1941ff4]]>
              </value>
            </param>
            <param index="1">
              <value>
                <![CDATA[false]]>
              </value>
            </param>
          </params>
          <reporter-output>
          </reporter-output>
        </test-method> <!-- loginTest -->
        <test-method status="PASS" signature="loginTest(com.rstyle.struct.UserData, boolean)[pri:0, instance:com.autotesting.framework.TestLogin@107939f]" name="loginTest" duration-ms="538" started-at="2014-03-14T15:53:48Z" data-provider="loginTestData" finished-at="2014-03-14T15:53:49Z">
          <params>
            <param index="0">
              <value>
                <![CDATA[com.rstyle.struct.UserData@9d9682]]>
              </value>
            </param>
            <param index="1">
              <value>
                <![CDATA[false]]>
              </value>
            </param>
          </params>
          <reporter-output>
          </reporter-output>
        </test-method> <!-- loginTest -->
        <test-method status="FAIL" signature="loginTest(com.rstyle.struct.UserData, boolean)[pri:0, instance:com.autotesting.framework.TestLogin@107939f]" name="loginTest" duration-ms="1612" started-at="2014-03-14T15:53:49Z" data-provider="loginTestData" finished-at="2014-03-14T15:53:50Z">
          <params>
            <param index="0">
              <value>
                <![CDATA[com.rstyle.struct.UserData@16c3ef9]]>
              </value>
            </param>
            <param index="1">
              <value>
                <![CDATA[false]]>
              </value>
            </param>
          </params>
          <exception class="java.lang.AssertionError">
            <message>
              <![CDATA[expected [Вход в систему] but found [Автоматизированная информационная система]]]>
            </message>
            <full-stacktrace>
              <![CDATA[java.lang.AssertionError: expected [Вход в систему] but found [Автоматизированная информационная система]
	at org.testng.Assert.fail(Assert.java:94)
	at org.testng.Assert.failNotEquals(Assert.java:494)
	at org.testng.Assert.assertEquals(Assert.java:123)
	at org.testng.Assert.assertEquals(Assert.java:176)
	at org.testng.Assert.assertEquals(Assert.java:186)
	at com.autotesting.framework.TestLogin.loginTest(TestLogin.java:31)
	at sun.reflect.NativeMethodAccessorImpl.invoke0(Native Method)
	at sun.reflect.NativeMethodAccessorImpl.invoke(NativeMethodAccessorImpl.java:57)
	at sun.reflect.DelegatingMethodAccessorImpl.invoke(DelegatingMethodAccessorImpl.java:43)
	at java.lang.reflect.Method.invoke(Method.java:606)
	at org.testng.internal.MethodInvocationHelper.invokeMethod(MethodInvocationHelper.java:84)
	at org.testng.internal.Invoker.invokeMethod(Invoker.java:714)
	at org.testng.internal.Invoker.invokeTestMethod(Invoker.java:901)
	at org.testng.internal.Invoker.invokeTestMethods(Invoker.java:1231)
	at org.testng.internal.TestMethodWorker.invokeTestMethods(TestMethodWorker.java:127)
	at org.testng.internal.TestMethodWorker.run(TestMethodWorker.java:111)
	at org.testng.TestRunner.privateRun(TestRunner.java:767)
	at org.testng.TestRunner.run(TestRunner.java:617)
	at org.testng.SuiteRunner.runTest(SuiteRunner.java:334)
	at org.testng.SuiteRunner.runSequentially(SuiteRunner.java:329)
	at org.testng.SuiteRunner.privateRun(SuiteRunner.java:291)
	at org.testng.SuiteRunner.run(SuiteRunner.java:240)
	at org.testng.SuiteRunnerWorker.runSuite(SuiteRunnerWorker.java:52)
	at org.testng.SuiteRunnerWorker.run(SuiteRunnerWorker.java:86)
	at org.testng.TestNG.runSuitesSequentially(TestNG.java:1224)
	at org.testng.TestNG.runSuitesLocally(TestNG.java:1149)
	at org.testng.TestNG.run(TestNG.java:1057)
	at org.testng.remote.RemoteTestNG.run(RemoteTestNG.java:111)
	at org.testng.remote.RemoteTestNG.initAndRun(RemoteTestNG.java:204)
	at org.testng.remote.RemoteTestNG.main(RemoteTestNG.java:175)
]]>
            </full-stacktrace>
          </exception> <!-- java.lang.AssertionError -->
          <reporter-output>
          </reporter-output>
        </test-method> <!-- loginTest -->
        <test-method status="FAIL" signature="loginTest(com.rstyle.struct.UserData, boolean)[pri:0, instance:com.autotesting.framework.TestLogin@107939f]" name="loginTest" duration-ms="2174" started-at="2014-03-14T15:53:50Z" data-provider="loginTestData" finished-at="2014-03-14T15:53:52Z">
          <params>
            <param index="0">
              <value>
                <![CDATA[com.rstyle.struct.UserData@d5afff]]>
              </value>
            </param>
            <param index="1">
              <value>
                <![CDATA[false]]>
              </value>
            </param>
          </params>
          <exception class="java.lang.AssertionError">
            <message>
              <![CDATA[expected [Вход в систему] but found [Автоматизированная информационная система]]]>
            </message>
            <full-stacktrace>
              <![CDATA[java.lang.AssertionError: expected [Вход в систему] but found [Автоматизированная информационная система]
	at org.testng.Assert.fail(Assert.java:94)
	at org.testng.Assert.failNotEquals(Assert.java:494)
	at org.testng.Assert.assertEquals(Assert.java:123)
	at org.testng.Assert.assertEquals(Assert.java:176)
	at org.testng.Assert.assertEquals(Assert.java:186)
	at com.autotesting.framework.TestLogin.loginTest(TestLogin.java:31)
	at sun.reflect.NativeMethodAccessorImpl.invoke0(Native Method)
	at sun.reflect.NativeMethodAccessorImpl.invoke(NativeMethodAccessorImpl.java:57)
	at sun.reflect.DelegatingMethodAccessorImpl.invoke(DelegatingMethodAccessorImpl.java:43)
	at java.lang.reflect.Method.invoke(Method.java:606)
	at org.testng.internal.MethodInvocationHelper.invokeMethod(MethodInvocationHelper.java:84)
	at org.testng.internal.Invoker.invokeMethod(Invoker.java:714)
	at org.testng.internal.Invoker.invokeTestMethod(Invoker.java:901)
	at org.testng.internal.Invoker.invokeTestMethods(Invoker.java:1231)
	at org.testng.internal.TestMethodWorker.invokeTestMethods(TestMethodWorker.java:127)
	at org.testng.internal.TestMethodWorker.run(TestMethodWorker.java:111)
	at org.testng.TestRunner.privateRun(TestRunner.java:767)
	at org.testng.TestRunner.run(TestRunner.java:617)
	at org.testng.SuiteRunner.runTest(SuiteRunner.java:334)
	at org.testng.SuiteRunner.runSequentially(SuiteRunner.java:329)
	at org.testng.SuiteRunner.privateRun(SuiteRunner.java:291)
	at org.testng.SuiteRunner.run(SuiteRunner.java:240)
	at org.testng.SuiteRunnerWorker.runSuite(SuiteRunnerWorker.java:52)
	at org.testng.SuiteRunnerWorker.run(SuiteRunnerWorker.java:86)
	at org.testng.TestNG.runSuitesSequentially(TestNG.java:1224)
	at org.testng.TestNG.runSuitesLocally(TestNG.java:1149)
	at org.testng.TestNG.run(TestNG.java:1057)
	at org.testng.remote.RemoteTestNG.run(RemoteTestNG.java:111)
	at org.testng.remote.RemoteTestNG.initAndRun(RemoteTestNG.java:204)
	at org.testng.remote.RemoteTestNG.main(RemoteTestNG.java:175)
]]>
            </full-stacktrace>
          </exception> <!-- java.lang.AssertionError -->
          <reporter-output>
          </reporter-output>
        </test-method> <!-- loginTest -->
        <test-method status="PASS" signature="loginTest(com.rstyle.struct.UserData, boolean)[pri:0, instance:com.autotesting.framework.TestLogin@107939f]" name="loginTest" duration-ms="750" started-at="2014-03-14T15:53:52Z" data-provider="loginTestData" finished-at="2014-03-14T15:53:53Z">
          <params>
            <param index="0">
              <value>
                <![CDATA[com.rstyle.struct.UserData@10d2cf0]]>
              </value>
            </param>
            <param index="1">
              <value>
                <![CDATA[true]]>
              </value>
            </param>
          </params>
          <reporter-output>
          </reporter-output>
        </test-method> <!-- loginTest -->
        <test-method status="PASS" signature="stop()[pri:0, instance:com.autotesting.framework.TestLogin@107939f]" name="stop" is-config="true" duration-ms="1920" started-at="2014-03-14T15:53:53Z" finished-at="2014-03-14T15:53:55Z">
          <reporter-output>
          </reporter-output>
        </test-method> <!-- stop -->
      </class> <!-- com.autotesting.framework.TestLogin -->
    </test> <!-- Default test -->
  </suite> <!-- Default suite -->
</testng-results>
